0 info it worked if it ends with ok
1 verbose cli [ 'node', '/usr/local/bin/npm', 'install' ]
2 info using npm@2.7.5
3 info using node@v0.12.2
4 verbose node symlink /usr/local/bin/node
5 warn package.json shopdogg_scraper@1.0.0 No README data
6 verbose readDependencies npm-shrinkwrap.json is overriding dependencies
7 info shrinkwrap file "/Users/yuzong/work/shopdogg-scraper/npm-shrinkwrap.json"
8 verbose readDependencies returned deps { bluebird: 'https://registry.npmjs.org/bluebird/-/bluebird-2.9.30.tgz',
8 verbose readDependencies returned deps   cheerio: 'https://registry.npmjs.org/cheerio/-/cheerio-0.19.0.tgz',
8 verbose readDependencies returned deps   debug: 'https://registry.npmjs.org/debug/-/debug-2.2.0.tgz',
8 verbose readDependencies returned deps   grunt: 'https://registry.npmjs.org/grunt/-/grunt-0.4.5.tgz',
8 verbose readDependencies returned deps   'grunt-cli': 'https://registry.npmjs.org/grunt-cli/-/grunt-cli-0.1.13.tgz',
8 verbose readDependencies returned deps   'grunt-contrib-coffee': 'https://registry.npmjs.org/grunt-contrib-coffee/-/grunt-contrib-coffee-0.13.0.tgz',
8 verbose readDependencies returned deps   'grunt-contrib-watch': 'https://registry.npmjs.org/grunt-contrib-watch/-/grunt-contrib-watch-0.6.1.tgz',
8 verbose readDependencies returned deps   konfig: 'https://registry.npmjs.org/konfig/-/konfig-0.2.1.tgz',
8 verbose readDependencies returned deps   kue: 'https://registry.npmjs.org/kue/-/kue-0.9.3.tgz',
8 verbose readDependencies returned deps   moment: 'https://registry.npmjs.org/moment/-/moment-2.10.3.tgz',
8 verbose readDependencies returned deps   numeral: 'https://registry.npmjs.org/numeral/-/numeral-1.5.3.tgz',
8 verbose readDependencies returned deps   request: 'https://registry.npmjs.org/request/-/request-2.58.0.tgz',
8 verbose readDependencies returned deps   underscore: 'https://registry.npmjs.org/underscore/-/underscore-1.8.3.tgz' }
9 verbose install where, deps [ '/Users/yuzong/work/shopdogg-scraper',
9 verbose install   [ 'bluebird',
9 verbose install     'cheerio',
9 verbose install     'debug',
9 verbose install     'grunt',
9 verbose install     'grunt-cli',
9 verbose install     'grunt-contrib-coffee',
9 verbose install     'grunt-contrib-watch',
9 verbose install     'konfig',
9 verbose install     'kue',
9 verbose install     'moment',
9 verbose install     'numeral',
9 verbose install     'request',
9 verbose install     'underscore' ] ]
10 verbose install where, peers [ '/Users/yuzong/work/shopdogg-scraper', [] ]
11 info preinstall shopdogg_scraper@1.0.0
12 verbose readDependencies npm-shrinkwrap.json is overriding dependencies
13 info shrinkwrap file "/Users/yuzong/work/shopdogg-scraper/npm-shrinkwrap.json"
14 verbose readDependencies returned deps { bluebird: 'https://registry.npmjs.org/bluebird/-/bluebird-2.9.30.tgz',
14 verbose readDependencies returned deps   cheerio: 'https://registry.npmjs.org/cheerio/-/cheerio-0.19.0.tgz',
14 verbose readDependencies returned deps   debug: 'https://registry.npmjs.org/debug/-/debug-2.2.0.tgz',
14 verbose readDependencies returned deps   grunt: 'https://registry.npmjs.org/grunt/-/grunt-0.4.5.tgz',
14 verbose readDependencies returned deps   'grunt-cli': 'https://registry.npmjs.org/grunt-cli/-/grunt-cli-0.1.13.tgz',
14 verbose readDependencies returned deps   'grunt-contrib-coffee': 'https://registry.npmjs.org/grunt-contrib-coffee/-/grunt-contrib-coffee-0.13.0.tgz',
14 verbose readDependencies returned deps   'grunt-contrib-watch': 'https://registry.npmjs.org/grunt-contrib-watch/-/grunt-contrib-watch-0.6.1.tgz',
14 verbose readDependencies returned deps   konfig: 'https://registry.npmjs.org/konfig/-/konfig-0.2.1.tgz',
14 verbose readDependencies returned deps   kue: 'https://registry.npmjs.org/kue/-/kue-0.9.3.tgz',
14 verbose readDependencies returned deps   moment: 'https://registry.npmjs.org/moment/-/moment-2.10.3.tgz',
14 verbose readDependencies returned deps   numeral: 'https://registry.npmjs.org/numeral/-/numeral-1.5.3.tgz',
14 verbose readDependencies returned deps   request: 'https://registry.npmjs.org/request/-/request-2.58.0.tgz',
14 verbose readDependencies returned deps   underscore: 'https://registry.npmjs.org/underscore/-/underscore-1.8.3.tgz' }
15 verbose already installed skipping grunt-cli@https://registry.npmjs.org/grunt-cli/-/grunt-cli-0.1.13.tgz /Users/yuzong/work/shopdogg-scraper
16 verbose already installed skipping grunt-contrib-coffee@https://registry.npmjs.org/grunt-contrib-coffee/-/grunt-contrib-coffee-0.13.0.tgz /Users/yuzong/work/shopdogg-scraper
17 verbose already installed skipping grunt-contrib-watch@https://registry.npmjs.org/grunt-contrib-watch/-/grunt-contrib-watch-0.6.1.tgz /Users/yuzong/work/shopdogg-scraper
18 verbose already installed skipping konfig@https://registry.npmjs.org/konfig/-/konfig-0.2.1.tgz /Users/yuzong/work/shopdogg-scraper
19 verbose already installed skipping kue@https://registry.npmjs.org/kue/-/kue-0.9.3.tgz /Users/yuzong/work/shopdogg-scraper
20 verbose already installed skipping moment@https://registry.npmjs.org/moment/-/moment-2.10.3.tgz /Users/yuzong/work/shopdogg-scraper
21 verbose already installed skipping numeral@https://registry.npmjs.org/numeral/-/numeral-1.5.3.tgz /Users/yuzong/work/shopdogg-scraper
22 verbose already installed skipping request@https://registry.npmjs.org/request/-/request-2.58.0.tgz /Users/yuzong/work/shopdogg-scraper
23 verbose already installed skipping underscore@https://registry.npmjs.org/underscore/-/underscore-1.8.3.tgz /Users/yuzong/work/shopdogg-scraper
24 verbose already installed skipping bluebird@https://registry.npmjs.org/bluebird/-/bluebird-2.9.30.tgz /Users/yuzong/work/shopdogg-scraper
25 verbose already installed skipping cheerio@https://registry.npmjs.org/cheerio/-/cheerio-0.19.0.tgz /Users/yuzong/work/shopdogg-scraper
26 verbose already installed skipping debug@https://registry.npmjs.org/debug/-/debug-2.2.0.tgz /Users/yuzong/work/shopdogg-scraper
27 verbose already installed skipping grunt@https://registry.npmjs.org/grunt/-/grunt-0.4.5.tgz /Users/yuzong/work/shopdogg-scraper
28 silly install resolved []
29 info build /Users/yuzong/work/shopdogg-scraper
30 verbose linkStuff [ false, false, false, '/Users/yuzong/work' ]
31 info linkStuff shopdogg_scraper@1.0.0
32 verbose linkBins shopdogg_scraper@1.0.0
33 verbose linkMans shopdogg_scraper@1.0.0
34 verbose rebuildBundles shopdogg_scraper@1.0.0
35 verbose rebuildBundles [ '.bin',
35 verbose rebuildBundles   'bluebird',
35 verbose rebuildBundles   'cheerio',
35 verbose rebuildBundles   'debug',
35 verbose rebuildBundles   'grunt',
35 verbose rebuildBundles   'grunt-cli',
35 verbose rebuildBundles   'grunt-contrib-coffee',
35 verbose rebuildBundles   'grunt-contrib-watch',
35 verbose rebuildBundles   'konfig',
35 verbose rebuildBundles   'kue',
35 verbose rebuildBundles   'moment',
35 verbose rebuildBundles   'numeral',
35 verbose rebuildBundles   'request',
35 verbose rebuildBundles   'underscore' ]
36 verbose rebuild bundle /Users/yuzong/work/shopdogg-scraper/node_modules/grunt
37 info build /Users/yuzong/work/shopdogg-scraper/node_modules/grunt
38 info preinstall grunt@0.4.5
39 verbose linkStuff [ false,
39 verbose linkStuff   false,
39 verbose linkStuff   false,
39 verbose linkStuff   '/Users/yuzong/work/shopdogg-scraper/node_modules' ]
40 info linkStuff grunt@0.4.5
41 verbose linkBins grunt@0.4.5
42 verbose linkMans grunt@0.4.5
43 verbose rebuildBundles grunt@0.4.5
44 verbose rebuildBundles [ '.bin',
44 verbose rebuildBundles   'async',
44 verbose rebuildBundles   'coffee-script',
44 verbose rebuildBundles   'colors',
44 verbose rebuildBundles   'dateformat',
44 verbose rebuildBundles   'eventemitter2',
44 verbose rebuildBundles   'exit',
44 verbose rebuildBundles   'findup-sync',
44 verbose rebuildBundles   'getobject',
44 verbose rebuildBundles   'glob',
44 verbose rebuildBundles   'grunt-legacy-log',
44 verbose rebuildBundles   'grunt-legacy-util',
44 verbose rebuildBundles   'hooker',
44 verbose rebuildBundles   'iconv-lite',
44 verbose rebuildBundles   'js-yaml',
44 verbose rebuildBundles   'lodash',
44 verbose rebuildBundles   'minimatch',
44 verbose rebuildBundles   'nopt',
44 verbose rebuildBundles   'rimraf',
44 verbose rebuildBundles   'underscore.string',
44 verbose rebuildBundles   'which' ]
45 info install grunt@0.4.5
46 info postinstall grunt@0.4.5
47 info install shopdogg_scraper@1.0.0
48 info postinstall shopdogg_scraper@1.0.0
49 verbose unsafe-perm in lifecycle true
50 info shopdogg_scraper@1.0.0 Failed to exec postinstall script
51 verbose stack Error: shopdogg_scraper@1.0.0 postinstall: `node -e "var s='worker',d='node_modules/worker',fs=require('fs');fs.exists(d,function(d){d||fs.symlinkSync(s,d,'dir')});"`
51 verbose stack Exit status 1
51 verbose stack     at EventEmitter.<anonymous> (/usr/local/lib/node_modules/npm/lib/utils/lifecycle.js:213:16)
51 verbose stack     at EventEmitter.emit (events.js:110:17)
51 verbose stack     at ChildProcess.<anonymous> (/usr/local/lib/node_modules/npm/lib/utils/spawn.js:14:12)
51 verbose stack     at ChildProcess.emit (events.js:110:17)
51 verbose stack     at maybeClose (child_process.js:1015:16)
51 verbose stack     at Process.ChildProcess._handle.onexit (child_process.js:1087:5)
52 verbose pkgid shopdogg_scraper@1.0.0
53 verbose cwd /Users/yuzong/work/shopdogg-scraper
54 error Darwin 14.3.0
55 error argv "node" "/usr/local/bin/npm" "install"
56 error node v0.12.2
57 error npm  v2.7.5
58 error code ELIFECYCLE
59 error shopdogg_scraper@1.0.0 postinstall: `node -e "var s='worker',d='node_modules/worker',fs=require('fs');fs.exists(d,function(d){d||fs.symlinkSync(s,d,'dir')});"`
59 error Exit status 1
60 error Failed at the shopdogg_scraper@1.0.0 postinstall script 'node -e "var s='worker',d='node_modules/worker',fs=require('fs');fs.exists(d,function(d){d||fs.symlinkSync(s,d,'dir')});"'.
60 error This is most likely a problem with the shopdogg_scraper package,
60 error not with npm itself.
60 error Tell the author that this fails on your system:
60 error     node -e "var s='worker',d='node_modules/worker',fs=require('fs');fs.exists(d,function(d){d||fs.symlinkSync(s,d,'dir')});"
60 error You can get their info via:
60 error     npm owner ls shopdogg_scraper
60 error There is likely additional logging output above.
61 verbose exit [ 1, true ]
